<?xml version="1.0" encoding="utf-8"?><testsuites name="pytest tests"><testsuite name="pytest" errors="0" failures="0" skipped="0" tests="14" time="4.024" timestamp="2026-05-17T18:17:01.533456+00:00" hostname="agent-env-7da0a7ca-5c05-49d5-bfe6-167cc0c3c48b"><testcase classname="backend.tests.test_flight_tracker.TestRoot" name="test_root_returns_tracker_info" time="0.599" /><testcase classname="backend.tests.test_flight_tracker.TestState" name="test_get_state_returns_required_fields" time="0.053" /><testcase classname="backend.tests.test_flight_tracker.TestEventsHistory" name="test_events_returns_list" time="0.050" /><testcase classname="backend.tests.test_flight_tracker.TestEventsHistory" name="test_history_returns_list" time="0.049" /><testcase classname="backend.tests.test_flight_tracker.TestSettings" name="test_get_settings_defaults" time="0.055" /><testcase classname="backend.tests.test_flight_tracker.TestSettings" name="test_update_settings_and_persist" time="0.151" /><testcase classname="backend.tests.test_flight_tracker.TestSettings" name="test_settings_clamp_lower" time="0.098" /><testcase classname="backend.tests.test_flight_tracker.TestSettings" name="test_settings_clamp_upper" time="0.097" /><testcase classname="backend.tests.test_flight_tracker.TestPollNow" name="test_poll_now_succeeds" time="1.045" /><testcase classname="backend.tests.test_flight_tracker.TestEventEmission" name="test_emit_each_event_and_verify[takeoff]" time="0.419" /><testcase classname="backend.tests.test_flight_tracker.TestEventEmission" name="test_emit_each_event_and_verify[landing]" time="0.401" /><testcase classname="backend.tests.test_flight_tracker.TestEventEmission" name="test_emit_each_event_and_verify[signal_lost]" time="0.400" /><testcase classname="backend.tests.test_flight_tracker.TestEventEmission" name="test_emit_each_event_and_verify[signal_available]" time="0.400" /><testcase classname="backend.tests.test_flight_tracker.TestEventEmission" name="test_invalid_event_type_returns_400" time="0.050" /></testsuite></testsuites>